Using pre-set license
Built from '2020.3/release' branch; Version is '2020.3.15f2 (6cf78cb77498) revision 7141260'; Using compiler version '192528614'; Build Type 'Release'
OS: 'Windows 10 Pro; OS build 19042.1288; Version 2009; 64bit' Language: 'en' Physical Memory: 32443 MB
BatchMode: 1, IsHumanControllingUs: 0, StartBugReporterOnCrash: 0, Is64bit: 1, IsPro: 0

 COMMAND LINE ARGUMENTS:
D:\Unity\2020.3.15f2\Editor\Unity.exe
-adb2
-batchMode
-noUpm
-name
AssetImportWorker0
-projectPath
C:/Users/imdxrlab/Desktop/Lone Light/Lonelight_Halloween
-logFile
Logs/AssetImportWorker0.log
-srvPort
60762
Successfully changed project path to: C:/Users/imdxrlab/Desktop/Lone Light/Lonelight_Halloween
C:/Users/imdxrlab/Desktop/Lone Light/Lonelight_Halloween
Using Asset Import Pipeline V2.
Refreshing native plugins compatible for Editor in 51.05 ms, found 3 plugins.
Preloading 0 native plugins for Editor in 0.00 ms.
Initialize engine version: 2020.3.15f2 (6cf78cb77498)
[Subsystems] Discovering subsystems at path D:/Unity/2020.3.15f2/Editor/Data/Resources/UnitySubsystems
[Subsystems] Discovering subsystems at path C:/Users/imdxrlab/Desktop/Lone Light/Lonelight_Halloween/Assets
GfxDevice: creating device client; threaded=0
Direct3D:
    Version:  Direct3D 11.0 [level 11.1]
    Renderer: NVIDIA GeForce RTX 3090 (ID=0x2204)
    Vendor:   
    VRAM:     24348 MB
    Driver:   27.21.14.6137
Shader 'Universal Render Pipeline/Particles/Lit': fallback shader 'Universal Render Pipeline/Particles/SimpleLit' not found
Initialize mono
Mono path[0] = 'D:/Unity/2020.3.15f2/Editor/Data/Managed'
Mono path[1] = 'D:/Unity/2020.3.15f2/Editor/Data/MonoBleedingEdge/lib/mono/unityjit'
Mono config path = 'D:/Unity/2020.3.15f2/Editor/Data/MonoBleedingEdge/etc'
Using monoOptions --debugger-agent=transport=dt_socket,embedding=1,server=y,suspend=n,address=127.0.0.1:56468
Begin MonoManager ReloadAssembly
Registering precompiled unity dll's ...
Register platform support module: D:/Unity/2020.3.15f2/Editor/Data/PlaybackEngines/WebGLSupport/UnityEditor.WebGL.Extensions.dll
Register platform support module: D:/Unity/2020.3.15f2/Editor/Data/PlaybackEngines/WindowsStandaloneSupport/UnityEditor.WindowsStandalone.Extensions.dll
Registered in 0.000812 seconds.
Native extension for WindowsStandalone target not found
Native extension for WebGL target not found
Refreshing native plugins compatible for Editor in 43.88 ms, found 3 plugins.
Preloading 0 native plugins for Editor in 0.00 ms.
Mono: successfully reloaded assembly
- Completed reload, in  0.903 seconds
Domain Reload Profiling:
	ReloadAssembly (903ms)
		BeginReloadAssembly (36ms)
			ExecutionOrderSort (0ms)
			DisableScriptedObjects (0ms)
			BackupInstance (0ms)
			ReleaseScriptingObjects (0ms)
			CreateAndSetChildDomain (1ms)
		EndReloadAssembly (291ms)
			LoadAssemblies (36ms)
			RebuildTransferFunctionScriptingTraits (0ms)
			SetupTypeCache (92ms)
			ReleaseScriptCaches (0ms)
			RebuildScriptCaches (19ms)
			SetupLoadedEditorAssemblies (130ms)
				LogAssemblyErrors (0ms)
				InitializePlatformSupportModulesInManaged (3ms)
				SetLoadedEditorAssemblies (0ms)
				RefreshPlugins (44ms)
				BeforeProcessingInitializeOnLoad (10ms)
				ProcessInitializeOnLoadAttributes (55ms)
				ProcessInitializeOnLoadMethodAttributes (18ms)
				AfterProcessingInitializeOnLoad (0ms)
				EditorAssembliesLoaded (0ms)
			ExecutionOrderSort2 (0ms)
			AwakeInstancesAfterBackupRestoration (0ms)
Platform modules already initialized, skipping
Registering precompiled user dll's ...
Registered in 0.007546 seconds.
Begin MonoManager ReloadAssembly
Native extension for WindowsStandalone target not found
Native extension for WebGL target not found
Refreshing native plugins compatible for Editor in 45.33 ms, found 3 plugins.
Preloading 0 native plugins for Editor in 0.00 ms.
Mono: successfully reloaded assembly
- Completed reload, in  0.922 seconds
Domain Reload Profiling:
	ReloadAssembly (923ms)
		BeginReloadAssembly (86ms)
			ExecutionOrderSort (0ms)
			DisableScriptedObjects (3ms)
			BackupInstance (0ms)
			ReleaseScriptingObjects (0ms)
			CreateAndSetChildDomain (13ms)
		EndReloadAssembly (800ms)
			LoadAssemblies (67ms)
			RebuildTransferFunctionScriptingTraits (0ms)
			SetupTypeCache (237ms)
			ReleaseScriptCaches (0ms)
			RebuildScriptCaches (38ms)
			SetupLoadedEditorAssemblies (360ms)
				LogAssemblyErrors (0ms)
				InitializePlatformSupportModulesInManaged (3ms)
				SetLoadedEditorAssemblies (0ms)
				RefreshPlugins (45ms)
				BeforeProcessingInitializeOnLoad (79ms)
				ProcessInitializeOnLoadAttributes (228ms)
				ProcessInitializeOnLoadMethodAttributes (3ms)
				AfterProcessingInitializeOnLoad (1ms)
				EditorAssembliesLoaded (0ms)
			ExecutionOrderSort2 (0ms)
			AwakeInstancesAfterBackupRestoration (4ms)
Platform modules already initialized, skipping
========================================================================
Worker process is ready to serve import requests
Shader 'Universal Render Pipeline/Particles/Lit': fallback shader 'Universal Render Pipeline/Particles/SimpleLit' not found
Launched and connected shader compiler UnityShaderCompiler.exe after 0.04 seconds
Refreshing native plugins compatible for Editor in 0.55 ms, found 3 plugins.
Preloading 0 native plugins for Editor in 0.00 ms.
Unloading 3366 Unused Serialized files (Serialized files now loaded: 0)
System memory in use before: 145.4 MB.
System memory in use after: 145.6 MB.

Unloading 40 unused Assets to reduce memory usage. Loaded Objects now: 3874.
Total: 2.370900 ms (FindLiveObjects: 0.245700 ms CreateObjectMapping: 0.094700 ms MarkObjects: 1.934300 ms  DeleteObjects: 0.095000 ms)

AssetImportParameters requested are different than current active one (requested -> active):
  custom:framework-win-MediaFoundation: 216162199b28c13a410421893ffa2e32 -> 
  custom:video-decoder-ogg-theora: a1e56fd34408186e4bbccfd4996cb3dc -> 
  custom:container-muxer-webm: aa71ff27fc2769a1b78a27578f13a17b -> 
  custom:container-demuxer-webm: 4f35f7cbe854078d1ac9338744f61a02 -> 
  custom:container-demuxer-ogg: 62fdf1f143b41e24485cea50d1cbac27 -> 
  custom:video-encoder-webm-vp8: eb34c28f22e8b96e1ab97ce403110664 -> 
  custom:video-codec-MediaFoundation-h265: 746d11721c4dcdbdad8f713fa42b33f4 -> 
  custom:video-decoder-webm-vp8: 9c59270c3fd7afecdb556c50c9e8de78 -> 
  custom:audio-decoder-ogg-vorbis: bf7c407c2cedff20999df2af8eb42d56 -> 
  custom:audio-encoder-webm-vorbis: bf7c407c2cedff20999df2af8eb42d56 -> 
========================================================================
Received Import Request.
  path: Assets/Scripts/EventManager.cs
  artifactKey: Guid(2f6e049c6e2c8434fb96c50bc3aa2f15) Importer(815301076,1909f56bfc062723c751e8b465ee728b)
Start importing Assets/Scripts/EventManager.cs using Guid(2f6e049c6e2c8434fb96c50bc3aa2f15) Importer(815301076,1909f56bfc062723c751e8b465ee728b)  -> (artifact id: '91915f3607b467862b0bc8d001af767d') in 0.026760 seconds 
  Import took 0.030942 seconds .

========================================================================
Received Import Request.
  Time since last request: 2402.832391 seconds.
  path: Assets/Assets/Image Targets
  artifactKey: Guid(e1adb48930cb1fb4fb3728ac913331fa) Importer(815301076,1909f56bfc062723c751e8b465ee728b)
Start importing Assets/Assets/Image Targets using Guid(e1adb48930cb1fb4fb3728ac913331fa) Importer(815301076,1909f56bfc062723c751e8b465ee728b)  -> (artifact id: '186dde8478d3077077f31ee1a2896254') in 0.006911 seconds 
  Import took 0.012231 seconds .

========================================================================
Received Import Request.
  Time since last request: 39.088843 seconds.
  path: Assets/Assets/Image Targets/Images
  artifactKey: Guid(533382897ceb43d4aacb71c8e592f43c) Importer(815301076,1909f56bfc062723c751e8b465ee728b)
Start importing Assets/Assets/Image Targets/Images using Guid(533382897ceb43d4aacb71c8e592f43c) Importer(815301076,1909f56bfc062723c751e8b465ee728b)  -> (artifact id: '6166a50f6026669cf3a1dfe8a6612c50') in 0.006729 seconds 
  Import took 0.011430 seconds .

========================================================================
Received Import Request.
  Time since last request: 10.920709 seconds.
  path: Assets/Assets/Image Targets/Targets
  artifactKey: Guid(d567bae0698d1db44821c344f072b926) Importer(815301076,1909f56bfc062723c751e8b465ee728b)
Start importing Assets/Assets/Image Targets/Targets using Guid(d567bae0698d1db44821c344f072b926) Importer(815301076,1909f56bfc062723c751e8b465ee728b)  -> (artifact id: '70850f7e5c8a7f3b56513f70a815777e') in 0.006863 seconds 
  Import took 0.011477 seconds .

========================================================================
Received Import Request.
  Time since last request: 15.008157 seconds.
  path: Assets/Assets/Image Targets/Images/birth announcement.jpg
  artifactKey: Guid(d9464f445c6b395408d55d5c9e1ace3e) Importer(815301076,1909f56bfc062723c751e8b465ee728b)
Start importing Assets/Assets/Image Targets/Images/birth announcement.jpg using Guid(d9464f445c6b395408d55d5c9e1ace3e) Importer(815301076,1909f56bfc062723c751e8b465ee728b)  -> (artifact id: '78a0c5047700965a5b71a4df1b50767d') in 0.055022 seconds 
  Import took 0.059385 seconds .

========================================================================
Received Import Request.
  Time since last request: 8.990546 seconds.
  path: Assets/Assets/Image Targets/Images/classpic.jpg
  artifactKey: Guid(e2228a527540bc2478c0caaaf95b1d30) Importer(815301076,1909f56bfc062723c751e8b465ee728b)
Start importing Assets/Assets/Image Targets/Images/classpic.jpg using Guid(e2228a527540bc2478c0caaaf95b1d30) Importer(815301076,1909f56bfc062723c751e8b465ee728b)  -> (artifact id: 'af020a64fda903757acc72c0d3617435') in 0.024051 seconds 
  Import took 0.028135 seconds .

========================================================================
Received Import Request.
  Time since last request: 3.223981 seconds.
  path: Assets/Assets/Image Targets/Images/twin birthdays.jpg
  artifactKey: Guid(215bcd3f6002da44ca53e9dc7ca2cefd) Importer(815301076,1909f56bfc062723c751e8b465ee728b)
Start importing Assets/Assets/Image Targets/Images/twin birthdays.jpg using Guid(215bcd3f6002da44ca53e9dc7ca2cefd) Importer(815301076,1909f56bfc062723c751e8b465ee728b)  -> (artifact id: 'fc78ee2d16db8981ed3fddf01886adc9') in 0.027095 seconds 
  Import took 0.031225 seconds .

========================================================================
Received Import Request.
  Time since last request: 9.231871 seconds.
  path: Assets/Assets/Image Targets/Images/twin birthdays.jpg
  artifactKey: Guid(215bcd3f6002da44ca53e9dc7ca2cefd) Importer(815301076,1909f56bfc062723c751e8b465ee728b)
Start importing Assets/Assets/Image Targets/Images/twin birthdays.jpg using Guid(215bcd3f6002da44ca53e9dc7ca2cefd) Importer(815301076,1909f56bfc062723c751e8b465ee728b)  -> (artifact id: '5722a2bffc9902c06df1e8503bd39cab') in 0.053531 seconds 
  Import took 0.057874 seconds .

========================================================================
Received Import Request.
  Time since last request: 5.281924 seconds.
  path: Assets/Assets/Image Targets/Images/classpic.jpg
  artifactKey: Guid(e2228a527540bc2478c0caaaf95b1d30) Importer(815301076,1909f56bfc062723c751e8b465ee728b)
Start importing Assets/Assets/Image Targets/Images/classpic.jpg using Guid(e2228a527540bc2478c0caaaf95b1d30) Importer(815301076,1909f56bfc062723c751e8b465ee728b)  -> (artifact id: '3f2878bd33e805722421c593e5417b49') in 0.041036 seconds 
  Import took 0.045010 seconds .

========================================================================
Received Import Request.
  Time since last request: 8.129786 seconds.
  path: Assets/Assets/Image Targets/Images/birth announcement.jpg
  artifactKey: Guid(d9464f445c6b395408d55d5c9e1ace3e) Importer(815301076,1909f56bfc062723c751e8b465ee728b)
Start importing Assets/Assets/Image Targets/Images/birth announcement.jpg using Guid(d9464f445c6b395408d55d5c9e1ace3e) Importer(815301076,1909f56bfc062723c751e8b465ee728b)  -> (artifact id: 'e1b96654be945dcaccc6db788713dbfe') in 0.050100 seconds 
  Import took 0.055752 seconds .

========================================================================
Received Import Request.
  Time since last request: 0.000283 seconds.
  path: Assets/Assets/Image Targets/Images/birth announcement.jpg
  artifactKey: Guid(d9464f445c6b395408d55d5c9e1ace3e) Importer(815301076,1909f56bfc062723c751e8b465ee728b)
Start importing Assets/Assets/Image Targets/Images/birth announcement.jpg using Guid(d9464f445c6b395408d55d5c9e1ace3e) Importer(815301076,1909f56bfc062723c751e8b465ee728b)  -> (artifact id: 'e1b96654be945dcaccc6db788713dbfe') in 0.026295 seconds 
  Import took 0.030412 seconds .

========================================================================
Received Import Request.
  Time since last request: 64.336884 seconds.
  path: Assets/ImageLibrary.asset
  artifactKey: Guid(e423092723c75c442aff971f3cadb5a2) Importer(815301076,1909f56bfc062723c751e8b465ee728b)
Start importing Assets/ImageLibrary.asset using Guid(e423092723c75c442aff971f3cadb5a2) Importer(815301076,1909f56bfc062723c751e8b465ee728b)  -> (artifact id: '62045704698b723de1989ee2b00daef2') in 0.041907 seconds 
  Import took 0.046079 seconds .

AssetImportWorkerClient::OnTransportError - code=2 error=End of file
